execve("/usr/bin/file", ["file", "/dev/tty"], 0x7ffd7bffe858 /* 14 vars */) = 0
brk(NULL)                               = 0x55f764e39000
arch_prctl(0x3001 /* ARCH_??? */, 0x7ffec722f1f0) = -1 EINVAL (Invalid argument)
access("/etc/ld.so.preload", R_OK)      = -1 ENOENT (No such file or directory)
openat(AT_FDCWD, "/etc/ld.so.cache", O_RDONLY|O_CLOEXEC) = 3
fstat(3, {st_mode=S_IFREG|0644, st_size=23886, ...}) = 0
mmap(NULL, 23886, PROT_READ, MAP_PRIVATE, 3, 0) = 0x7f3366678000
close(3)                                = 0
openat(AT_FDCWD, "/lib/x86_64-linux-gnu/libmagic.so.1", O_RDONLY|O_CLOEXEC) = 3
read(3, "\177ELF\2\1\1\0\0\0\0\0\0\0\0\0\3\0>\0\1\0\0\0 N\0\0\0\0\0\0"..., 832) = 832
fstat(3, {st_mode=S_IFREG|0644, st_size=158080, ...}) = 0
mmap(NULL, 8192, PROT_READ|PROT_WRITE, MAP_PRIVATE|MAP_ANONYMOUS, -1, 0) = 0x7f3366676000
mmap(NULL, 160744, PROT_READ, MAP_PRIVATE|MAP_DENYWRITE, 3, 0) = 0x7f336664e000
mmap(0x7f3366652000, 102400, PROT_READ|PROT_EXEC, MAP_PRIVATE|MAP_FIXED|MAP_DENYWRITE, 3, 0x4000) = 0x7f3366652000
mmap(0x7f336666b000, 32768, PROT_READ, MAP_PRIVATE|MAP_FIXED|MAP_DENYWRITE, 3, 0x1d000) = 0x7f336666b000
mmap(0x7f3366673000, 12288, PROT_READ|PROT_WRITE, MAP_PRIVATE|MAP_FIXED|MAP_DENYWRITE, 3, 0x24000) = 0x7f3366673000
close(3)                                = 0
openat(AT_FDCWD, "/lib/x86_64-linux-gnu/libc.so.6", O_RDONLY|O_CLOEXEC) = 3
read(3, "\177ELF\2\1\1\3\0\0\0\0\0\0\0\0\3\0>\0\1\0\0\0\360q\2\0\0\0\0\0"..., 832) = 832
pread64(3, "\6\0\0\0\4\0\0\0@\0\0\0\0\0\0\0@\0\0\0\0\0\0\0@\0\0\0\0\0\0\0"..., 784, 64) = 784
pread64(3, "\4\0\0\0\20\0\0\0\5\0\0\0GNU\0\2\0\0\300\4\0\0\0\3\0\0\0\0\0\0\0", 32, 848) = 32
pread64(3, "\4\0\0\0\24\0\0\0\3\0\0\0GNU\0\t\233\222%\274\260\320\31\331\326\10\204\276X>\263"..., 68, 880) = 68
fstat(3, {st_mode=S_IFREG|0755, st_size=2029224, ...}) = 0
pread64(3, "\6\0\0\0\4\0\0\0@\0\0\0\0\0\0\0@\0\0\0\0\0\0\0@\0\0\0\0\0\0\0"..., 784, 64) = 784
pread64(3, "\4\0\0\0\20\0\0\0\5\0\0\0GNU\0\2\0\0\300\4\0\0\0\3\0\0\0\0\0\0\0", 32, 848) = 32
pread64(3, "\4\0\0\0\24\0\0\0\3\0\0\0GNU\0\t\233\222%\274\260\320\31\331\326\10\204\276X>\263"..., 68, 880) = 68
mmap(NULL, 2036952, PROT_READ, MAP_PRIVATE|MAP_DENYWRITE, 3, 0) = 0x7f336645c000
mprotect(0x7f3366481000, 1847296, PROT_NONE) = 0
mmap(0x7f3366481000, 1540096, PROT_READ|PROT_EXEC, MAP_PRIVATE|MAP_FIXED|MAP_DENYWRITE, 3, 0x25000) = 0x7f3366481000
mmap(0x7f33665f9000, 303104, PROT_READ, MAP_PRIVATE|MAP_FIXED|MAP_DENYWRITE, 3, 0x19d000) = 0x7f33665f9000
mmap(0x7f3366644000, 24576, PROT_READ|PROT_WRITE, MAP_PRIVATE|MAP_FIXED|MAP_DENYWRITE, 3, 0x1e7000) = 0x7f3366644000
mmap(0x7f336664a000, 13528, PROT_READ|PROT_WRITE, MAP_PRIVATE|MAP_FIXED|MAP_ANONYMOUS, -1, 0) = 0x7f336664a000
close(3)                                = 0
openat(AT_FDCWD, "/lib/x86_64-linux-gnu/liblzma.so.5", O_RDONLY|O_CLOEXEC) = 3
read(3, "\177ELF\2\1\1\0\0\0\0\0\0\0\0\0\3\0>\0\1\0\0\0\3003\0\0\0\0\0\0"..., 832) = 832
fstat(3, {st_mode=S_IFREG|0644, st_size=162264, ...}) = 0
mmap(NULL, 164104, PROT_READ, MAP_PRIVATE|MAP_DENYWRITE, 3, 0) = 0x7f3366433000
mprotect(0x7f3366436000, 147456, PROT_NONE) = 0
mmap(0x7f3366436000, 98304, PROT_READ|PROT_EXEC, MAP_PRIVATE|MAP_FIXED|MAP_DENYWRITE, 3, 0x3000) = 0x7f3366436000
mmap(0x7f336644e000, 45056, PROT_READ, MAP_PRIVATE|MAP_FIXED|MAP_DENYWRITE, 3, 0x1b000) = 0x7f336644e000
mmap(0x7f336645a000, 8192, PROT_READ|PROT_WRITE, MAP_PRIVATE|MAP_FIXED|MAP_DENYWRITE, 3, 0x26000) = 0x7f336645a000
close(3)                                = 0
openat(AT_FDCWD, "/lib/x86_64-linux-gnu/libbz2.so.1.0", O_RDONLY|O_CLOEXEC) = 3
read(3, "\177ELF\2\1\1\0\0\0\0\0\0\0\0\0\3\0>\0\1\0\0\0@\"\0\0\0\0\0\0"..., 832) = 832
fstat(3, {st_mode=S_IFREG|0644, st_size=74848, ...}) = 0
mmap(NULL, 76840, PROT_READ, MAP_PRIVATE|MAP_DENYWRITE, 3, 0) = 0x7f3366420000
mmap(0x7f3366422000, 53248, PROT_READ|PROT_EXEC, MAP_PRIVATE|MAP_FIXED|MAP_DENYWRITE, 3, 0x2000) = 0x7f3366422000
mmap(0x7f336642f000, 8192, PROT_READ, MAP_PRIVATE|MAP_FIXED|MAP_DENYWRITE, 3, 0xf000) = 0x7f336642f000
mmap(0x7f3366431000, 8192, PROT_READ|PROT_WRITE, MAP_PRIVATE|MAP_FIXED|MAP_DENYWRITE, 3, 0x10000) = 0x7f3366431000
close(3)                                = 0
openat(AT_FDCWD, "/lib/x86_64-linux-gnu/libz.so.1", O_RDONLY|O_CLOEXEC) = 3
read(3, "\177ELF\2\1\1\3\0\0\0\0\0\0\0\0\3\0>\0\1\0\0\0\200\"\0\0\0\0\0\0"..., 832) = 832
fstat(3, {st_mode=S_IFREG|0644, st_size=108936, ...}) = 0
mmap(NULL, 110776, PROT_READ, MAP_PRIVATE|MAP_DENYWRITE, 3, 0) = 0x7f3366404000
mprotect(0x7f3366406000, 98304, PROT_NONE) = 0
mmap(0x7f3366406000, 69632, PROT_READ|PROT_EXEC, MAP_PRIVATE|MAP_FIXED|MAP_DENYWRITE, 3, 0x2000) = 0x7f3366406000
mmap(0x7f3366417000, 24576, PROT_READ, MAP_PRIVATE|MAP_FIXED|MAP_DENYWRITE, 3, 0x13000) = 0x7f3366417000
mmap(0x7f336641e000, 8192, PROT_READ|PROT_WRITE, MAP_PRIVATE|MAP_FIXED|MAP_DENYWRITE, 3, 0x19000) = 0x7f336641e000
close(3)                                = 0
openat(AT_FDCWD, "/lib/x86_64-linux-gnu/libpthread.so.0", O_RDONLY|O_CLOEXEC) = 3
read(3, "\177ELF\2\1\1\0\0\0\0\0\0\0\0\0\3\0>\0\1\0\0\0\220\201\0\0\0\0\0\0"..., 832) = 832
pread64(3, "\4\0\0\0\24\0\0\0\3\0\0\0GNU\0\345Ga\367\265T\320\374\301V)Yf]\223\337"..., 68, 824) = 68
fstat(3, {st_mode=S_IFREG|0755, st_size=157224, ...}) = 0
pread64(3, "\4\0\0\0\24\0\0\0\3\0\0\0GNU\0\345Ga\367\265T\320\374\301V)Yf]\223\337"..., 68, 824) = 68
mmap(NULL, 140408, PROT_READ, MAP_PRIVATE|MAP_DENYWRITE, 3, 0) = 0x7f33663e1000
mmap(0x7f33663e8000, 69632, PROT_READ|PROT_EXEC, MAP_PRIVATE|MAP_FIXED|MAP_DENYWRITE, 3, 0x7000) = 0x7f33663e8000
mmap(0x7f33663f9000, 20480, PROT_READ, MAP_PRIVATE|MAP_FIXED|MAP_DENYWRITE, 3, 0x18000) = 0x7f33663f9000
mmap(0x7f33663fe000, 8192, PROT_READ|PROT_WRITE, MAP_PRIVATE|MAP_FIXED|MAP_DENYWRITE, 3, 0x1c000) = 0x7f33663fe000
mmap(0x7f3366400000, 13432, PROT_READ|PROT_WRITE, MAP_PRIVATE|MAP_FIXED|MAP_ANONYMOUS, -1, 0) = 0x7f3366400000
close(3)                                = 0
mmap(NULL, 8192, PROT_READ|PROT_WRITE, MAP_PRIVATE|MAP_ANONYMOUS, -1, 0) = 0x7f33663df000
mmap(NULL, 12288, PROT_READ|PROT_WRITE, MAP_PRIVATE|MAP_ANONYMOUS, -1, 0) = 0x7f33663dc000
arch_prctl(ARCH_SET_FS, 0x7f33663dc740) = 0
mprotect(0x7f3366644000, 12288, PROT_READ) = 0
mprotect(0x7f33663fe000, 4096, PROT_READ) = 0
mprotect(0x7f336641e000, 4096, PROT_READ) = 0
mprotect(0x7f3366431000, 4096, PROT_READ) = 0
mprotect(0x7f336645a000, 4096, PROT_READ) = 0
mprotect(0x7f3366673000, 8192, PROT_READ) = 0
mprotect(0x55f76365c000, 4096, PROT_READ) = 0
mprotect(0x7f33666ab000, 4096, PROT_READ) = 0
munmap(0x7f3366678000, 23886)           = 0
set_tid_address(0x7f33663dca10)         = 1481
set_robust_list(0x7f33663dca20, 24)     = 0
rt_sigaction(SIGRTMIN, {sa_handler=0x7f33663e8bf0, sa_mask=[], sa_flags=SA_RESTORER|SA_SIGINFO, sa_restorer=0x7f33663f63c0}, NULL, 8) = 0
rt_sigaction(SIGRT_1, {sa_handler=0x7f33663e8c90, sa_mask=[], sa_flags=SA_RESTORER|SA_RESTART|SA_SIGINFO, sa_restorer=0x7f33663f63c0}, NULL, 8) = 0
rt_sigprocmask(SIG_UNBLOCK, [RTMIN RT_1], NULL, 8) = 0
prlimit64(0, RLIMIT_STACK, NULL, {rlim_cur=8192*1024, rlim_max=RLIM64_INFINITY}) = 0
brk(NULL)                               = 0x55f764e39000
brk(0x55f764e5a000)                     = 0x55f764e5a000
openat(AT_FDCWD, "/usr/lib/locale/locale-archive", O_RDONLY|O_CLOEXEC) = 3
fstat(3, {st_mode=S_IFREG|0644, st_size=5699248, ...}) = 0
mmap(NULL, 5699248, PROT_READ, MAP_PRIVATE, 3, 0) = 0x7f3365e6c000
close(3)                                = 0
stat("/root/.magic.mgc", 0x7ffec722ef50) = -1 ENOENT (No such file or directory)
stat("/root/.magic", 0x7ffec722ef50)    = -1 ENOENT (No such file or directory)
openat(AT_FDCWD, "/etc/magic.mgc", O_RDONLY) = -1 ENOENT (No such file or directory)
stat("/etc/magic", {st_mode=S_IFREG|0644, st_size=111, ...}) = 0
openat(AT_FDCWD, "/etc/magic", O_RDONLY) = 3
fstat(3, {st_mode=S_IFREG|0644, st_size=111, ...}) = 0
read(3, "# Magic local data for file(1) c"..., 4096) = 111
read(3, "", 4096)                       = 0
close(3)                                = 0
openat(AT_FDCWD, "/usr/share/misc/magic.mgc", O_RDONLY) = 3
fstat(3, {st_mode=S_IFREG|0644, st_size=5811536, ...}) = 0
mmap(NULL, 5811536, PROT_READ|PROT_WRITE, MAP_PRIVATE, 3, 0) = 0x7f33658e1000
close(3)                                = 0
mprotect(0x7f33658e1000, 5811536, PROT_READ) = 0
openat(AT_FDCWD, "/usr/lib/x86_64-linux-gnu/gconv/gconv-modules.cache", O_RDONLY) = 3
fstat(3, {st_mode=S_IFREG|0644, st_size=27002, ...}) = 0
mmap(NULL, 27002, PROT_READ, MAP_SHARED, 3, 0) = 0x7f33658da000
close(3)                                = 0
futex(0x7f3366649634, FUTEX_WAKE_PRIVATE, 2147483647) = 0
fstat(1, {st_mode=S_IFCHR|0620, st_rdev=makedev(0x88, 0), ...}) = 0
mmap(NULL, 1052672, PROT_READ|PROT_WRITE, MAP_PRIVATE|MAP_ANONYMOUS, -1, 0) = 0x7f33657d9000
lstat("/dev/tty", {st_mode=S_IFCHR|0666, st_rdev=makedev(0x5, 0), ...}) = 0
munmap(0x7f33657d9000, 1052672)         = 0
write(1, "/dev/tty: character special (5/0"..., 34) = 34
munmap(0x7f33658e1000, 5811536)         = 0
exit_group(0)                           = ?
+++ exited with 0 +++
